C51 COMPILER V9.60.7.0   S_MOTOR                                                           09/23/2024 16:29:47 PAGE 1   


C51 COMPILER V9.60.7.0, COMPILATION OF MODULE S_MOTOR
OBJECT MODULE PLACED IN .\Objects\S motor.obj
COMPILER INVOKED BY: C:\Keil_v5\C51\BIN\C51.EXE S motor.c OPTIMIZE(8,SPEED) BROWSE DEBUG OBJECTEXTEND PRINT(.\Listings\S
                    - motor.lst) TABS(2) OBJECT(.\Objects\S motor.obj)

line level    source

   1          #include <reg51.h>
   2          sbit motor_pin= P2^0;
   3          
   4          unsigned int x=0;
   5          
   6          void timer0 (void) interrupt 1
   7          {
   8   1        x++;
   9   1        if(x==45)
  10   1        {
  11   2          
  12   2          motor_pin=0;
  13   2          
  14   2        }
  15   1        else if(x==400)
  16   1          {
  17   2            motor_pin=1;
  18   2            x=0;
  19   2          }
  20   1        
  21   1      }
  22          
  23          void main()
  24          {
  25   1        TMOD=0x02;
  26   1        TH0=0xD1;
  27   1        EA=1;
  28   1        ET0=1;
  29   1        TR0=1;
  30   1        motor_pin=0;
  31   1        while(1)
  32   1        {
  33   2         
  34   2          
  35   2        }
  36   1      }


MODULE INFORMATION:   STATIC OVERLAYABLE
   CODE SIZE        =     61    ----
   CONSTANT SIZE    =   ----    ----
   XDATA SIZE       =   ----    ----
   PDATA SIZE       =   ----    ----
   DATA SIZE        =      2    ----
   IDATA SIZE       =   ----    ----
   BIT SIZE         =   ----    ----
END OF MODULE INFORMATION.


C51 COMPILATION COMPLETE.  0 WARNING(S),  0 ERROR(S)
